This file contains any messages produced by compilers while
running configure, to aid debugging if configure makes a mistake.

It was created by batmeth configure 1.03(mmx), which was
generated by GNU Autoconf 2.68.  Invocation command line was

  $ ./configure 

## --------- ##
## Platform. ##
## --------- ##

hostname = biogpu.d1.comp.nus.edu.sg
uname -m = x86_64
uname -r = 2.6.32-358.6.2.el6.x86_64
uname -s = Linux
uname -v = #1 SMP Thu May 16 20:59:36 UTC 2013

/usr/bin/uname -p = unknown
/bin/uname -X     = unknown

/bin/arch              = x86_64
/usr/bin/arch -k       = unknown
/usr/convex/getsysinfo = unknown
/usr/bin/hostinfo      = unknown
/bin/machine           = unknown
/usr/bin/oslevel       = unknown
/bin/universe          = unknown

PATH: /usr/lib64/qt-3.3/bin
PATH: /usr/local/bin
PATH: /bin
PATH: /usr/bin
PATH: /usr/local/sbin
PATH: /usr/sbin
PATH: /sbin
PATH: /home/Ken/bin
PATH: /home/Ken/bin


## ----------- ##
## Core tests. ##
## ----------- ##

configure:2264: checking for a BSD-compatible install
configure:2332: result: /usr/bin/install -c
configure:2343: checking whether build environment is sane
configure:2393: result: yes
configure:2534: checking for a thread-safe mkdir -p
configure:2573: result: /bin/mkdir -p
configure:2586: checking for gawk
configure:2602: found /bin/gawk
configure:2613: result: gawk
configure:2624: checking whether make sets $(MAKE)
configure:2646: result: yes
configure:2789: checking for g++
configure:2805: found /usr/bin/g++
configure:2816: result: g++
configure:2843: checking for C++ compiler version
configure:2852: g++ --version >&5
g++ (GCC) 4.4.7 20120313 (Red Hat 4.4.7-3)
Copyright (C) 2010 Free Software Foundation, Inc.
This is free software; see the source for copying conditions.  There is NO
warranty; not even for MERCHANTABILITY or FITNESS FOR A PARTICULAR PURPOSE.

configure:2863: $? = 0
configure:2852: g++ -v >&5
Using built-in specs.
Target: x86_64-redhat-linux
Configured with: ../configure --prefix=/usr --mandir=/usr/share/man --infodir=/usr/share/info --with-bugurl=http://bugzilla.redhat.com/bugzilla --enable-bootstrap --enable-shared --enable-threads=posix --enable-checking=release --with-system-zlib --enable-__cxa_atexit --disable-libunwind-exceptions --enable-gnu-unique-object --enable-languages=c,c++,objc,obj-c++,java,fortran,ada --enable-java-awt=gtk --disable-dssi --with-java-home=/usr/lib/jvm/java-1.5.0-gcj-1.5.0.0/jre --enable-libgcj-multifile --enable-java-maintainer-mode --with-ecj-jar=/usr/share/java/eclipse-ecj.jar --disable-libjava-multilib --with-ppl --with-cloog --with-tune=generic --with-arch_32=i686 --build=x86_64-redhat-linux
Thread model: posix
gcc version 4.4.7 20120313 (Red Hat 4.4.7-3) (GCC) 
configure:2863: $? = 0
configure:2852: g++ -V >&5
g++: '-V' option must have argument
configure:2863: $? = 1
configure:2852: g++ -qversion >&5
g++: unrecognized option '-qversion'
g++: no input files
configure:2863: $? = 1
configure:2883: checking whether the C++ compiler works
configure:2905: g++    conftest.cpp  >&5
configure:2909: $? = 0
configure:2957: result: yes
configure:2960: checking for C++ compiler default output file name
configure:2962: result: a.out
configure:2968: checking for suffix of executables
configure:2975: g++ -o conftest    conftest.cpp  >&5
configure:2979: $? = 0
configure:3001: result: 
configure:3023: checking whether we are cross compiling
configure:3031: g++ -o conftest    conftest.cpp  >&5
configure:3035: $? = 0
configure:3042: ./conftest
configure:3046: $? = 0
configure:3061: result: no
configure:3066: checking for suffix of object files
configure:3088: g++ -c   conftest.cpp >&5
configure:3092: $? = 0
configure:3113: result: o
configure:3117: checking whether we are using the GNU C++ compiler
configure:3136: g++ -c   conftest.cpp >&5
configure:3136: $? = 0
configure:3145: result: yes
configure:3154: checking whether g++ accepts -g
configure:3174: g++ -c -g  conftest.cpp >&5
configure:3174: $? = 0
configure:3215: result: yes
configure:3249: checking for style of include used by make
configure:3277: result: GNU
configure:3303: checking dependency style of g++
configure:3414: result: gcc3
configure:3477: checking for gcc
configure:3493: found /usr/bin/gcc
configure:3504: result: gcc
configure:3733: checking for C compiler version
configure:3742: gcc --version >&5
gcc (GCC) 4.4.7 20120313 (Red Hat 4.4.7-3)
Copyright (C) 2010 Free Software Foundation, Inc.
This is free software; see the source for copying conditions.  There is NO
warranty; not even for MERCHANTABILITY or FITNESS FOR A PARTICULAR PURPOSE.

configure:3753: $? = 0
configure:3742: gcc -v >&5
Using built-in specs.
Target: x86_64-redhat-linux
Configured with: ../configure --prefix=/usr --mandir=/usr/share/man --infodir=/usr/share/info --with-bugurl=http://bugzilla.redhat.com/bugzilla --enable-bootstrap --enable-shared --enable-threads=posix --enable-checking=release --with-system-zlib --enable-__cxa_atexit --disable-libunwind-exceptions --enable-gnu-unique-object --enable-languages=c,c++,objc,obj-c++,java,fortran,ada --enable-java-awt=gtk --disable-dssi --with-java-home=/usr/lib/jvm/java-1.5.0-gcj-1.5.0.0/jre --enable-libgcj-multifile --enable-java-maintainer-mode --with-ecj-jar=/usr/share/java/eclipse-ecj.jar --disable-libjava-multilib --with-ppl --with-cloog --with-tune=generic --with-arch_32=i686 --build=x86_64-redhat-linux
Thread model: posix
gcc version 4.4.7 20120313 (Red Hat 4.4.7-3) (GCC) 
configure:3753: $? = 0
configure:3742: gcc -V >&5
gcc: '-V' option must have argument
configure:3753: $? = 1
configure:3742: gcc -qversion >&5
gcc: unrecognized option '-qversion'
gcc: no input files
configure:3753: $? = 1
configure:3757: checking whether we are using the GNU C compiler
configure:3776: gcc -c   conftest.c >&5
configure:3776: $? = 0
configure:3785: result: yes
configure:3794: checking whether gcc accepts -g
configure:3814: gcc -c -g  conftest.c >&5
configure:3814: $? = 0
configure:3855: result: yes
configure:3872: checking for gcc option to accept ISO C89
configure:3936: gcc  -c -g -O2  conftest.c >&5
configure:3936: $? = 0
configure:3949: result: none needed
configure:3971: checking dependency style of gcc
configure:4082: result: gcc3
configure:4107: checking how to run the C preprocessor
configure:4138: gcc -E  conftest.c
configure:4138: $? = 0
configure:4152: gcc -E  conftest.c
conftest.c:11:28: error: ac_nonexistent.h: No such file or directory
configure:4152: $? = 1
configure: failed program was:
| /* confdefs.h */
| #define PACKAGE_NAME "batmeth"
| #define PACKAGE_TARNAME "batmeth"
| #define PACKAGE_VERSION "1.03(mmx)"
| #define PACKAGE_STRING "batmeth 1.03(mmx)"
| #define PACKAGE_BUGREPORT "jingquanlim@gmail.com"
| #define PACKAGE_URL ""
| #define PACKAGE "batmeth"
| #define VERSION "1.04_mmx"
| /* end confdefs.h.  */
| #include <ac_nonexistent.h>
configure:4177: result: gcc -E
configure:4197: gcc -E  conftest.c
configure:4197: $? = 0
configure:4211: gcc -E  conftest.c
conftest.c:11:28: error: ac_nonexistent.h: No such file or directory
configure:4211: $? = 1
configure: failed program was:
| /* confdefs.h */
| #define PACKAGE_NAME "batmeth"
| #define PACKAGE_TARNAME "batmeth"
| #define PACKAGE_VERSION "1.03(mmx)"
| #define PACKAGE_STRING "batmeth 1.03(mmx)"
| #define PACKAGE_BUGREPORT "jingquanlim@gmail.com"
| #define PACKAGE_URL ""
| #define PACKAGE "batmeth"
| #define VERSION "1.04_mmx"
| /* end confdefs.h.  */
| #include <ac_nonexistent.h>
configure:4240: checking for grep that handles long lines and -e
configure:4298: result: /bin/grep
configure:4303: checking for egrep
configure:4365: result: /bin/grep -E
configure:4370: checking for ANSI C header files
configure:4390: gcc -c -g -O2  conftest.c >&5
configure:4390: $? = 0
configure:4463: gcc -o conftest -g -O2   conftest.c  >&5
configure:4463: $? = 0
configure:4463: ./conftest
configure:4463: $? = 0
configure:4474: result: yes
configure:4487: checking for sys/types.h
configure:4487: gcc -c -g -O2  conftest.c >&5
configure:4487: $? = 0
configure:4487: result: yes
configure:4487: checking for sys/stat.h
configure:4487: gcc -c -g -O2  conftest.c >&5
configure:4487: $? = 0
configure:4487: result: yes
configure:4487: checking for stdlib.h
configure:4487: gcc -c -g -O2  conftest.c >&5
configure:4487: $? = 0
configure:4487: result: yes
configure:4487: checking for string.h
configure:4487: gcc -c -g -O2  conftest.c >&5
configure:4487: $? = 0
configure:4487: result: yes
configure:4487: checking for memory.h
configure:4487: gcc -c -g -O2  conftest.c >&5
configure:4487: $? = 0
configure:4487: result: yes
configure:4487: checking for strings.h
configure:4487: gcc -c -g -O2  conftest.c >&5
configure:4487: $? = 0
configure:4487: result: yes
configure:4487: checking for inttypes.h
configure:4487: gcc -c -g -O2  conftest.c >&5
configure:4487: $? = 0
configure:4487: result: yes
configure:4487: checking for stdint.h
configure:4487: gcc -c -g -O2  conftest.c >&5
configure:4487: $? = 0
configure:4487: result: yes
configure:4487: checking for unistd.h
configure:4487: gcc -c -g -O2  conftest.c >&5
configure:4487: $? = 0
configure:4487: result: yes
configure:4502: checking limits.h usability
configure:4502: gcc -c -g -O2  conftest.c >&5
configure:4502: $? = 0
configure:4502: result: yes
configure:4502: checking limits.h presence
configure:4502: gcc -E  conftest.c
configure:4502: $? = 0
configure:4502: result: yes
configure:4502: checking for limits.h
configure:4502: result: yes
configure:4502: checking malloc.h usability
configure:4502: gcc -c -g -O2  conftest.c >&5
configure:4502: $? = 0
configure:4502: result: yes
configure:4502: checking malloc.h presence
configure:4502: gcc -E  conftest.c
configure:4502: $? = 0
configure:4502: result: yes
configure:4502: checking for malloc.h
configure:4502: result: yes
configure:4502: checking stddef.h usability
configure:4502: gcc -c -g -O2  conftest.c >&5
configure:4502: $? = 0
configure:4502: result: yes
configure:4502: checking stddef.h presence
configure:4502: gcc -E  conftest.c
configure:4502: $? = 0
configure:4502: result: yes
configure:4502: checking for stddef.h
configure:4502: result: yes
configure:4502: checking for stdint.h
configure:4502: result: yes
configure:4502: checking for stdlib.h
configure:4502: result: yes
configure:4502: checking for string.h
configure:4502: result: yes
configure:4502: checking sys/socket.h usability
configure:4502: gcc -c -g -O2  conftest.c >&5
configure:4502: $? = 0
configure:4502: result: yes
configure:4502: checking sys/socket.h presence
configure:4502: gcc -E  conftest.c
configure:4502: $? = 0
configure:4502: result: yes
configure:4502: checking for sys/socket.h
configure:4502: result: yes
configure:4502: checking sys/time.h usability
configure:4502: gcc -c -g -O2  conftest.c >&5
configure:4502: $? = 0
configure:4502: result: yes
configure:4502: checking sys/time.h presence
configure:4502: gcc -E  conftest.c
configure:4502: $? = 0
configure:4502: result: yes
configure:4502: checking for sys/time.h
configure:4502: result: yes
configure:4502: checking for unistd.h
configure:4502: result: yes
configure:4514: checking for an ANSI C-conforming const
configure:4579: gcc -c -g -O2  conftest.c >&5
configure:4579: $? = 0
configure:4586: result: yes
configure:4594: checking for size_t
configure:4594: gcc -c -g -O2  conftest.c >&5
configure:4594: $? = 0
configure:4594: gcc -c -g -O2  conftest.c >&5
conftest.c: In function 'main':
conftest.c:66: error: expected expression before ')' token
configure:4594: $? = 1
configure: failed program was:
| /* confdefs.h */
| #define PACKAGE_NAME "batmeth"
| #define PACKAGE_TARNAME "batmeth"
| #define PACKAGE_VERSION "1.03(mmx)"
| #define PACKAGE_STRING "batmeth 1.03(mmx)"
| #define PACKAGE_BUGREPORT "jingquanlim@gmail.com"
| #define PACKAGE_URL ""
| #define PACKAGE "batmeth"
| #define VERSION "1.04_mmx"
| #define STDC_HEADERS 1
| #define HAVE_SYS_TYPES_H 1
| #define HAVE_SYS_STAT_H 1
| #define HAVE_STDLIB_H 1
| #define HAVE_STRING_H 1
| #define HAVE_MEMORY_H 1
| #define HAVE_STRINGS_H 1
| #define HAVE_INTTYPES_H 1
| #define HAVE_STDINT_H 1
| #define HAVE_UNISTD_H 1
| #define HAVE_LIMITS_H 1
| #define HAVE_MALLOC_H 1
| #define HAVE_STDDEF_H 1
| #define HAVE_STDINT_H 1
| #define HAVE_STDLIB_H 1
| #define HAVE_STRING_H 1
| #define HAVE_SYS_SOCKET_H 1
| #define HAVE_SYS_TIME_H 1
| #define HAVE_UNISTD_H 1
| /* end confdefs.h.  */
| #include <stdio.h>
| #ifdef HAVE_SYS_TYPES_H
| # include <sys/types.h>
| #endif
| #ifdef HAVE_SYS_STAT_H
| # include <sys/stat.h>
| #endif
| #ifdef STDC_HEADERS
| # include <stdlib.h>
| # include <stddef.h>
| #else
| # ifdef HAVE_STDLIB_H
| #  include <stdlib.h>
| # endif
| #endif
| #ifdef HAVE_STRING_H
| # if !defined STDC_HEADERS && defined HAVE_MEMORY_H
| #  include <memory.h>
| # endif
| # include <string.h>
| #endif
| #ifdef HAVE_STRINGS_H
| # include <strings.h>
| #endif
| #ifdef HAVE_INTTYPES_H
| # include <inttypes.h>
| #endif
| #ifdef HAVE_STDINT_H
| # include <stdint.h>
| #endif
| #ifdef HAVE_UNISTD_H
| # include <unistd.h>
| #endif
| int
| main ()
| {
| if (sizeof ((size_t)))
| 	    return 0;
|   ;
|   return 0;
| }
configure:4594: result: yes
configure:4605: checking whether time.h and sys/time.h may both be included
configure:4625: gcc -c -g -O2  conftest.c >&5
configure:4625: $? = 0
configure:4632: result: yes
configure:4640: checking for working volatile
configure:4659: gcc -c -g -O2  conftest.c >&5
configure:4659: $? = 0
configure:4666: result: yes
configure:4674: checking for ptrdiff_t
configure:4674: gcc -c -g -O2  conftest.c >&5
configure:4674: $? = 0
configure:4674: gcc -c -g -O2  conftest.c >&5
conftest.c: In function 'main':
conftest.c:67: error: expected expression before ')' token
configure:4674: $? = 1
configure: failed program was:
| /* confdefs.h */
| #define PACKAGE_NAME "batmeth"
| #define PACKAGE_TARNAME "batmeth"
| #define PACKAGE_VERSION "1.03(mmx)"
| #define PACKAGE_STRING "batmeth 1.03(mmx)"
| #define PACKAGE_BUGREPORT "jingquanlim@gmail.com"
| #define PACKAGE_URL ""
| #define PACKAGE "batmeth"
| #define VERSION "1.04_mmx"
| #define STDC_HEADERS 1
| #define HAVE_SYS_TYPES_H 1
| #define HAVE_SYS_STAT_H 1
| #define HAVE_STDLIB_H 1
| #define HAVE_STRING_H 1
| #define HAVE_MEMORY_H 1
| #define HAVE_STRINGS_H 1
| #define HAVE_INTTYPES_H 1
| #define HAVE_STDINT_H 1
| #define HAVE_UNISTD_H 1
| #define HAVE_LIMITS_H 1
| #define HAVE_MALLOC_H 1
| #define HAVE_STDDEF_H 1
| #define HAVE_STDINT_H 1
| #define HAVE_STDLIB_H 1
| #define HAVE_STRING_H 1
| #define HAVE_SYS_SOCKET_H 1
| #define HAVE_SYS_TIME_H 1
| #define HAVE_UNISTD_H 1
| #define TIME_WITH_SYS_TIME 1
| /* end confdefs.h.  */
| #include <stdio.h>
| #ifdef HAVE_SYS_TYPES_H
| # include <sys/types.h>
| #endif
| #ifdef HAVE_SYS_STAT_H
| # include <sys/stat.h>
| #endif
| #ifdef STDC_HEADERS
| # include <stdlib.h>
| # include <stddef.h>
| #else
| # ifdef HAVE_STDLIB_H
| #  include <stdlib.h>
| # endif
| #endif
| #ifdef HAVE_STRING_H
| # if !defined STDC_HEADERS && defined HAVE_MEMORY_H
| #  include <memory.h>
| # endif
| # include <string.h>
| #endif
| #ifdef HAVE_STRINGS_H
| # include <strings.h>
| #endif
| #ifdef HAVE_INTTYPES_H
| # include <inttypes.h>
| #endif
| #ifdef HAVE_STDINT_H
| # include <stdint.h>
| #endif
| #ifdef HAVE_UNISTD_H
| # include <unistd.h>
| #endif
| int
| main ()
| {
| if (sizeof ((ptrdiff_t)))
| 	    return 0;
|   ;
|   return 0;
| }
configure:4674: result: yes
configure:4688: checking for stdlib.h
configure:4688: result: yes
configure:4698: checking for GNU libc compatible malloc
configure:4722: gcc -o conftest -g -O2   conftest.c  >&5
configure:4722: $? = 0
configure:4722: ./conftest
configure:4722: $? = 0
configure:4732: result: yes
configure:4755: checking for stdlib.h
configure:4755: result: yes
configure:4765: checking for GNU libc compatible realloc
configure:4789: gcc -o conftest -g -O2   conftest.c  >&5
configure:4789: $? = 0
configure:4789: ./conftest
configure:4789: $? = 0
configure:4799: result: yes
configure:4829: checking for vprintf
configure:4829: gcc -o conftest -g -O2   conftest.c  >&5
conftest.c:59: warning: conflicting types for built-in function 'vprintf'
configure:4829: $? = 0
configure:4829: result: yes
configure:4835: checking for _doprnt
configure:4835: gcc -o conftest -g -O2   conftest.c  >&5
/tmp/cc2j5x5m.o: In function `main':
/home/jingquan/batmeth-1.04_mmx/conftest.c:71: undefined reference to `_doprnt'
collect2: ld returned 1 exit status
configure:4835: $? = 1
configure: failed program was:
| /* confdefs.h */
| #define PACKAGE_NAME "batmeth"
| #define PACKAGE_TARNAME "batmeth"
| #define PACKAGE_VERSION "1.03(mmx)"
| #define PACKAGE_STRING "batmeth 1.03(mmx)"
| #define PACKAGE_BUGREPORT "jingquanlim@gmail.com"
| #define PACKAGE_URL ""
| #define PACKAGE "batmeth"
| #define VERSION "1.04_mmx"
| #define STDC_HEADERS 1
| #define HAVE_SYS_TYPES_H 1
| #define HAVE_SYS_STAT_H 1
| #define HAVE_STDLIB_H 1
| #define HAVE_STRING_H 1
| #define HAVE_MEMORY_H 1
| #define HAVE_STRINGS_H 1
| #define HAVE_INTTYPES_H 1
| #define HAVE_STDINT_H 1
| #define HAVE_UNISTD_H 1
| #define HAVE_LIMITS_H 1
| #define HAVE_MALLOC_H 1
| #define HAVE_STDDEF_H 1
| #define HAVE_STDINT_H 1
| #define HAVE_STDLIB_H 1
| #define HAVE_STRING_H 1
| #define HAVE_SYS_SOCKET_H 1
| #define HAVE_SYS_TIME_H 1
| #define HAVE_UNISTD_H 1
| #define TIME_WITH_SYS_TIME 1
| #define HAVE_PTRDIFF_T 1
| #define HAVE_STDLIB_H 1
| #define HAVE_MALLOC 1
| #define HAVE_STDLIB_H 1
| #define HAVE_REALLOC 1
| #define HAVE_VPRINTF 1
| /* end confdefs.h.  */
| /* Define _doprnt to an innocuous variant, in case <limits.h> declares _doprnt.
|    For example, HP-UX 11i <limits.h> declares gettimeofday.  */
| #define _doprnt innocuous__doprnt
| 
| /* System header to define __stub macros and hopefully few prototypes,
|     which can conflict with char _doprnt (); below.
|     Prefer <limits.h> to <assert.h> if __STDC__ is defined, since
|     <limits.h> exists even on freestanding compilers.  */
| 
| #ifdef __STDC__
| # include <limits.h>
| #else
| # include <assert.h>
| #endif
| 
| #undef _doprnt
| 
| /* Override any GCC internal prototype to avoid an error.
|    Use char because int might match the return type of a GCC
|    builtin and then its argument prototype would still apply.  */
| #ifdef __cplusplus
| extern "C"
| #endif
| char _doprnt ();
| /* The GNU C library defines this for functions which it implements
|     to always fail with ENOSYS.  Some functions are actually named
|     something starting with __ and the normal name is an alias.  */
| #if defined __stub__doprnt || defined __stub____doprnt
| choke me
| #endif
| 
| int
| main ()
| {
| return _doprnt ();
|   ;
|   return 0;
| }
configure:4835: result: no
configure:4849: checking for floor
configure:4849: gcc -o conftest -g -O2   conftest.c  >&5
conftest.c:60: warning: conflicting types for built-in function 'floor'
/tmp/cc6kcn6s.o: In function `main':
/home/jingquan/batmeth-1.04_mmx/conftest.c:71: undefined reference to `floor'
collect2: ld returned 1 exit status
configure:4849: $? = 1
configure: failed program was:
| /* confdefs.h */
| #define PACKAGE_NAME "batmeth"
| #define PACKAGE_TARNAME "batmeth"
| #define PACKAGE_VERSION "1.03(mmx)"
| #define PACKAGE_STRING "batmeth 1.03(mmx)"
| #define PACKAGE_BUGREPORT "jingquanlim@gmail.com"
| #define PACKAGE_URL ""
| #define PACKAGE "batmeth"
| #define VERSION "1.04_mmx"
| #define STDC_HEADERS 1
| #define HAVE_SYS_TYPES_H 1
| #define HAVE_SYS_STAT_H 1
| #define HAVE_STDLIB_H 1
| #define HAVE_STRING_H 1
| #define HAVE_MEMORY_H 1
| #define HAVE_STRINGS_H 1
| #define HAVE_INTTYPES_H 1
| #define HAVE_STDINT_H 1
| #define HAVE_UNISTD_H 1
| #define HAVE_LIMITS_H 1
| #define HAVE_MALLOC_H 1
| #define HAVE_STDDEF_H 1
| #define HAVE_STDINT_H 1
| #define HAVE_STDLIB_H 1
| #define HAVE_STRING_H 1
| #define HAVE_SYS_SOCKET_H 1
| #define HAVE_SYS_TIME_H 1
| #define HAVE_UNISTD_H 1
| #define TIME_WITH_SYS_TIME 1
| #define HAVE_PTRDIFF_T 1
| #define HAVE_STDLIB_H 1
| #define HAVE_MALLOC 1
| #define HAVE_STDLIB_H 1
| #define HAVE_REALLOC 1
| #define HAVE_VPRINTF 1
| /* end confdefs.h.  */
| /* Define floor to an innocuous variant, in case <limits.h> declares floor.
|    For example, HP-UX 11i <limits.h> declares gettimeofday.  */
| #define floor innocuous_floor
| 
| /* System header to define __stub macros and hopefully few prototypes,
|     which can conflict with char floor (); below.
|     Prefer <limits.h> to <assert.h> if __STDC__ is defined, since
|     <limits.h> exists even on freestanding compilers.  */
| 
| #ifdef __STDC__
| # include <limits.h>
| #else
| # include <assert.h>
| #endif
| 
| #undef floor
| 
| /* Override any GCC internal prototype to avoid an error.
|    Use char because int might match the return type of a GCC
|    builtin and then its argument prototype would still apply.  */
| #ifdef __cplusplus
| extern "C"
| #endif
| char floor ();
| /* The GNU C library defines this for functions which it implements
|     to always fail with ENOSYS.  Some functions are actually named
|     something starting with __ and the normal name is an alias.  */
| #if defined __stub_floor || defined __stub___floor
| choke me
| #endif
| 
| int
| main ()
| {
| return floor ();
|   ;
|   return 0;
| }
configure:4849: result: no
configure:4849: checking for gettimeofday
configure:4849: gcc -o conftest -g -O2   conftest.c  >&5
configure:4849: $? = 0
configure:4849: result: yes
configure:4849: checking for memmove
configure:4849: gcc -o conftest -g -O2   conftest.c  >&5
conftest.c:61: warning: conflicting types for built-in function 'memmove'
configure:4849: $? = 0
configure:4849: result: yes
configure:4849: checking for memset
configure:4849: gcc -o conftest -g -O2   conftest.c  >&5
conftest.c:62: warning: conflicting types for built-in function 'memset'
configure:4849: $? = 0
configure:4849: result: yes
configure:4849: checking for pow
configure:4849: gcc -o conftest -g -O2   conftest.c  >&5
conftest.c:63: warning: conflicting types for built-in function 'pow'
/tmp/ccTdnkaA.o: In function `main':
/home/jingquan/batmeth-1.04_mmx/conftest.c:74: undefined reference to `pow'
collect2: ld returned 1 exit status
configure:4849: $? = 1
configure: failed program was:
| /* confdefs.h */
| #define PACKAGE_NAME "batmeth"
| #define PACKAGE_TARNAME "batmeth"
| #define PACKAGE_VERSION "1.03(mmx)"
| #define PACKAGE_STRING "batmeth 1.03(mmx)"
| #define PACKAGE_BUGREPORT "jingquanlim@gmail.com"
| #define PACKAGE_URL ""
| #define PACKAGE "batmeth"
| #define VERSION "1.04_mmx"
| #define STDC_HEADERS 1
| #define HAVE_SYS_TYPES_H 1
| #define HAVE_SYS_STAT_H 1
| #define HAVE_STDLIB_H 1
| #define HAVE_STRING_H 1
| #define HAVE_MEMORY_H 1
| #define HAVE_STRINGS_H 1
| #define HAVE_INTTYPES_H 1
| #define HAVE_STDINT_H 1
| #define HAVE_UNISTD_H 1
| #define HAVE_LIMITS_H 1
| #define HAVE_MALLOC_H 1
| #define HAVE_STDDEF_H 1
| #define HAVE_STDINT_H 1
| #define HAVE_STDLIB_H 1
| #define HAVE_STRING_H 1
| #define HAVE_SYS_SOCKET_H 1
| #define HAVE_SYS_TIME_H 1
| #define HAVE_UNISTD_H 1
| #define TIME_WITH_SYS_TIME 1
| #define HAVE_PTRDIFF_T 1
| #define HAVE_STDLIB_H 1
| #define HAVE_MALLOC 1
| #define HAVE_STDLIB_H 1
| #define HAVE_REALLOC 1
| #define HAVE_VPRINTF 1
| #define HAVE_GETTIMEOFDAY 1
| #define HAVE_MEMMOVE 1
| #define HAVE_MEMSET 1
| /* end confdefs.h.  */
| /* Define pow to an innocuous variant, in case <limits.h> declares pow.
|    For example, HP-UX 11i <limits.h> declares gettimeofday.  */
| #define pow innocuous_pow
| 
| /* System header to define __stub macros and hopefully few prototypes,
|     which can conflict with char pow (); below.
|     Prefer <limits.h> to <assert.h> if __STDC__ is defined, since
|     <limits.h> exists even on freestanding compilers.  */
| 
| #ifdef __STDC__
| # include <limits.h>
| #else
| # include <assert.h>
| #endif
| 
| #undef pow
| 
| /* Override any GCC internal prototype to avoid an error.
|    Use char because int might match the return type of a GCC
|    builtin and then its argument prototype would still apply.  */
| #ifdef __cplusplus
| extern "C"
| #endif
| char pow ();
| /* The GNU C library defines this for functions which it implements
|     to always fail with ENOSYS.  Some functions are actually named
|     something starting with __ and the normal name is an alias.  */
| #if defined __stub_pow || defined __stub___pow
| choke me
| #endif
| 
| int
| main ()
| {
| return pow ();
|   ;
|   return 0;
| }
configure:4849: result: no
configure:4849: checking for socket
configure:4849: gcc -o conftest -g -O2   conftest.c  >&5
configure:4849: $? = 0
configure:4849: result: yes
configure:4849: checking for sqrt
configure:4849: gcc -o conftest -g -O2   conftest.c  >&5
conftest.c:64: warning: conflicting types for built-in function 'sqrt'
/tmp/ccbRHuvH.o: In function `main':
/home/jingquan/batmeth-1.04_mmx/conftest.c:75: undefined reference to `sqrt'
collect2: ld returned 1 exit status
configure:4849: $? = 1
configure: failed program was:
| /* confdefs.h */
| #define PACKAGE_NAME "batmeth"
| #define PACKAGE_TARNAME "batmeth"
| #define PACKAGE_VERSION "1.03(mmx)"
| #define PACKAGE_STRING "batmeth 1.03(mmx)"
| #define PACKAGE_BUGREPORT "jingquanlim@gmail.com"
| #define PACKAGE_URL ""
| #define PACKAGE "batmeth"
| #define VERSION "1.04_mmx"
| #define STDC_HEADERS 1
| #define HAVE_SYS_TYPES_H 1
| #define HAVE_SYS_STAT_H 1
| #define HAVE_STDLIB_H 1
| #define HAVE_STRING_H 1
| #define HAVE_MEMORY_H 1
| #define HAVE_STRINGS_H 1
| #define HAVE_INTTYPES_H 1
| #define HAVE_STDINT_H 1
| #define HAVE_UNISTD_H 1
| #define HAVE_LIMITS_H 1
| #define HAVE_MALLOC_H 1
| #define HAVE_STDDEF_H 1
| #define HAVE_STDINT_H 1
| #define HAVE_STDLIB_H 1
| #define HAVE_STRING_H 1
| #define HAVE_SYS_SOCKET_H 1
| #define HAVE_SYS_TIME_H 1
| #define HAVE_UNISTD_H 1
| #define TIME_WITH_SYS_TIME 1
| #define HAVE_PTRDIFF_T 1
| #define HAVE_STDLIB_H 1
| #define HAVE_MALLOC 1
| #define HAVE_STDLIB_H 1
| #define HAVE_REALLOC 1
| #define HAVE_VPRINTF 1
| #define HAVE_GETTIMEOFDAY 1
| #define HAVE_MEMMOVE 1
| #define HAVE_MEMSET 1
| #define HAVE_SOCKET 1
| /* end confdefs.h.  */
| /* Define sqrt to an innocuous variant, in case <limits.h> declares sqrt.
|    For example, HP-UX 11i <limits.h> declares gettimeofday.  */
| #define sqrt innocuous_sqrt
| 
| /* System header to define __stub macros and hopefully few prototypes,
|     which can conflict with char sqrt (); below.
|     Prefer <limits.h> to <assert.h> if __STDC__ is defined, since
|     <limits.h> exists even on freestanding compilers.  */
| 
| #ifdef __STDC__
| # include <limits.h>
| #else
| # include <assert.h>
| #endif
| 
| #undef sqrt
| 
| /* Override any GCC internal prototype to avoid an error.
|    Use char because int might match the return type of a GCC
|    builtin and then its argument prototype would still apply.  */
| #ifdef __cplusplus
| extern "C"
| #endif
| char sqrt ();
| /* The GNU C library defines this for functions which it implements
|     to always fail with ENOSYS.  Some functions are actually named
|     something starting with __ and the normal name is an alias.  */
| #if defined __stub_sqrt || defined __stub___sqrt
| choke me
| #endif
| 
| int
| main ()
| {
| return sqrt ();
|   ;
|   return 0;
| }
configure:4849: result: no
configure:4849: checking for strchr
configure:4849: gcc -o conftest -g -O2   conftest.c  >&5
conftest.c:64: warning: conflicting types for built-in function 'strchr'
configure:4849: $? = 0
configure:4849: result: yes
configure:4849: checking for strdup
configure:4849: gcc -o conftest -g -O2   conftest.c  >&5
conftest.c:65: warning: conflicting types for built-in function 'strdup'
configure:4849: $? = 0
configure:4849: result: yes
configure:4849: checking for strtoul
configure:4849: gcc -o conftest -g -O2   conftest.c  >&5
configure:4849: $? = 0
configure:4849: result: yes
configure:4858: checking Checking for SIMD support and for a gcc bug...
configure:4873: gcc -c -g -O2 -msse2  conftest.c >&5
conftest.c:44:23: warning: extra tokens at end of #include directive
configure:4873: $? = 0
configure:4874: result: OK...
configure:5022: creating ./config.status

## ---------------------- ##
## Running config.status. ##
## ---------------------- ##

This file was extended by batmeth config.status 1.03(mmx), which was
generated by GNU Autoconf 2.68.  Invocation command line was

  CONFIG_FILES    = 
  CONFIG_HEADERS  = 
  CONFIG_LINKS    = 
  CONFIG_COMMANDS = 
  $ ./config.status 

on biogpu.d1.comp.nus.edu.sg

config.status:893: creating Makefile
config.status:893: creating src/Makefile
config.status:893: creating scripts/Makefile
config.status:893: creating bin/Makefile
config.status:893: creating config.h
config.status:1074: config.h is unchanged
config.status:1122: executing depfiles commands

## ---------------- ##
## Cache variables. ##
## ---------------- ##

ac_cv_c_compiler_gnu=yes
ac_cv_c_const=yes
ac_cv_c_volatile=yes
ac_cv_cxx_compiler_gnu=yes
ac_cv_env_CCC_set=
ac_cv_env_CCC_value=
ac_cv_env_CC_set=
ac_cv_env_CC_value=
ac_cv_env_CFLAGS_set=
ac_cv_env_CFLAGS_value=
ac_cv_env_CPPFLAGS_set=
ac_cv_env_CPPFLAGS_value=
ac_cv_env_CPP_set=
ac_cv_env_CPP_value=
ac_cv_env_CXXFLAGS_set=
ac_cv_env_CXXFLAGS_value=
ac_cv_env_CXX_set=
ac_cv_env_CXX_value=
ac_cv_env_LDFLAGS_set=
ac_cv_env_LDFLAGS_value=
ac_cv_env_LIBS_set=
ac_cv_env_LIBS_value=
ac_cv_env_build_alias_set=
ac_cv_env_build_alias_value=
ac_cv_env_host_alias_set=
ac_cv_env_host_alias_value=
ac_cv_env_target_alias_set=
ac_cv_env_target_alias_value=
ac_cv_func__doprnt=no
ac_cv_func_floor=no
ac_cv_func_gettimeofday=yes
ac_cv_func_malloc_0_nonnull=yes
ac_cv_func_memmove=yes
ac_cv_func_memset=yes
ac_cv_func_pow=no
ac_cv_func_realloc_0_nonnull=yes
ac_cv_func_setvbuf_reversed=no
ac_cv_func_socket=yes
ac_cv_func_sqrt=no
ac_cv_func_strchr=yes
ac_cv_func_strdup=yes
ac_cv_func_strtoul=yes
ac_cv_func_vprintf=yes
ac_cv_header_inttypes_h=yes
ac_cv_header_limits_h=yes
ac_cv_header_malloc_h=yes
ac_cv_header_memory_h=yes
ac_cv_header_stdc=yes
ac_cv_header_stddef_h=yes
ac_cv_header_stdint_h=yes
ac_cv_header_stdlib_h=yes
ac_cv_header_string_h=yes
ac_cv_header_strings_h=yes
ac_cv_header_sys_socket_h=yes
ac_cv_header_sys_stat_h=yes
ac_cv_header_sys_time_h=yes
ac_cv_header_sys_types_h=yes
ac_cv_header_time=yes
ac_cv_header_unistd_h=yes
ac_cv_objext=o
ac_cv_path_EGREP='/bin/grep -E'
ac_cv_path_GREP=/bin/grep
ac_cv_path_install='/usr/bin/install -c'
ac_cv_path_mkdir=/bin/mkdir
ac_cv_prog_AWK=gawk
ac_cv_prog_CPP='gcc -E'
ac_cv_prog_ac_ct_CC=gcc
ac_cv_prog_ac_ct_CXX=g++
ac_cv_prog_cc_c89=
ac_cv_prog_cc_g=yes
ac_cv_prog_cxx_g=yes
ac_cv_prog_make_make_set=yes
ac_cv_type_ptrdiff_t=yes
ac_cv_type_size_t=yes
am_cv_CC_dependencies_compiler_type=gcc3
am_cv_CXX_dependencies_compiler_type=gcc3

## ----------------- ##
## Output variables. ##
## ----------------- ##

ACLOCAL='${SHELL} /home/jingquan/batmeth-1.04_mmx/missing --run aclocal-1.11'
AMDEPBACKSLASH='\'
AMDEP_FALSE='#'
AMDEP_TRUE=''
AMTAR='$${TAR-tar}'
AUTOCONF='${SHELL} /home/jingquan/batmeth-1.04_mmx/missing --run autoconf'
AUTOHEADER='${SHELL} /home/jingquan/batmeth-1.04_mmx/missing --run autoheader'
AUTOMAKE='${SHELL} /home/jingquan/batmeth-1.04_mmx/missing --run automake-1.11'
AWK='gawk'
CC='gcc'
CCDEPMODE='depmode=gcc3'
CFLAGS='-g -O2'
CPP='gcc -E'
CPPFLAGS=''
CXX='g++'
CXXDEPMODE='depmode=gcc3'
CXXFLAGS='-g -O2'
CYGPATH_W='echo'
DEFS='-DHAVE_CONFIG_H'
DEPDIR='.deps'
ECHO_C=''
ECHO_N='-n'
ECHO_T=''
EGREP='/bin/grep -E'
EXEEXT=''
GREP='/bin/grep'
INSTALL_DATA='${INSTALL} -m 644'
INSTALL_PROGRAM='${INSTALL}'
INSTALL_SCRIPT='${INSTALL}'
INSTALL_STRIP_PROGRAM='$(install_sh) -c -s'
LDFLAGS=''
LIBOBJS=''
LIBS=''
LTLIBOBJS=''
MAKEINFO='${SHELL} /home/jingquan/batmeth-1.04_mmx/missing --run makeinfo'
MKDIR_P='/bin/mkdir -p'
OBJEXT='o'
PACKAGE='batmeth'
PACKAGE_BUGREPORT='jingquanlim@gmail.com'
PACKAGE_NAME='batmeth'
PACKAGE_STRING='batmeth 1.03(mmx)'
PACKAGE_TARNAME='batmeth'
PACKAGE_URL=''
PACKAGE_VERSION='1.03(mmx)'
PATH_SEPARATOR=':'
SET_MAKE=''
SHELL='/bin/sh'
STRIP=''
VERSION='1.04_mmx'
ac_ct_CC='gcc'
ac_ct_CXX='g++'
am__EXEEXT_FALSE=''
am__EXEEXT_TRUE='#'
am__fastdepCC_FALSE='#'
am__fastdepCC_TRUE=''
am__fastdepCXX_FALSE='#'
am__fastdepCXX_TRUE=''
am__include='include'
am__isrc=''
am__leading_dot='.'
am__nodep='_no'
am__quote=''
am__tar='$${TAR-tar} chof - "$$tardir"'
am__untar='$${TAR-tar} xf -'
bindir='${exec_prefix}/bin'
build_alias=''
datadir='${datarootdir}'
datarootdir='${prefix}/share'
docdir='${datarootdir}/doc/${PACKAGE_TARNAME}'
dvidir='${docdir}'
exec_prefix='${prefix}'
host_alias=''
htmldir='${docdir}'
includedir='${prefix}/include'
infodir='${datarootdir}/info'
install_sh='${SHELL} /home/jingquan/batmeth-1.04_mmx/install-sh'
libdir='${exec_prefix}/lib'
libexecdir='${exec_prefix}/libexec'
localedir='${datarootdir}/locale'
localstatedir='${prefix}/var'
mandir='${datarootdir}/man'
mkdir_p='/bin/mkdir -p'
oldincludedir='/usr/include'
pdfdir='${docdir}'
prefix='/usr/local'
program_transform_name='s,x,x,'
psdir='${docdir}'
sbindir='${exec_prefix}/sbin'
sharedstatedir='${prefix}/com'
sysconfdir='${prefix}/etc'
target_alias=''

## ----------- ##
## confdefs.h. ##
## ----------- ##

/* confdefs.h */
#define PACKAGE_NAME "batmeth"
#define PACKAGE_TARNAME "batmeth"
#define PACKAGE_VERSION "1.03(mmx)"
#define PACKAGE_STRING "batmeth 1.03(mmx)"
#define PACKAGE_BUGREPORT "jingquanlim@gmail.com"
#define PACKAGE_URL ""
#define PACKAGE "batmeth"
#define VERSION "1.04_mmx"
#define STDC_HEADERS 1
#define HAVE_SYS_TYPES_H 1
#define HAVE_SYS_STAT_H 1
#define HAVE_STDLIB_H 1
#define HAVE_STRING_H 1
#define HAVE_MEMORY_H 1
#define HAVE_STRINGS_H 1
#define HAVE_INTTYPES_H 1
#define HAVE_STDINT_H 1
#define HAVE_UNISTD_H 1
#define HAVE_LIMITS_H 1
#define HAVE_MALLOC_H 1
#define HAVE_STDDEF_H 1
#define HAVE_STDINT_H 1
#define HAVE_STDLIB_H 1
#define HAVE_STRING_H 1
#define HAVE_SYS_SOCKET_H 1
#define HAVE_SYS_TIME_H 1
#define HAVE_UNISTD_H 1
#define TIME_WITH_SYS_TIME 1
#define HAVE_PTRDIFF_T 1
#define HAVE_STDLIB_H 1
#define HAVE_MALLOC 1
#define HAVE_STDLIB_H 1
#define HAVE_REALLOC 1
#define HAVE_VPRINTF 1
#define HAVE_GETTIMEOFDAY 1
#define HAVE_MEMMOVE 1
#define HAVE_MEMSET 1
#define HAVE_SOCKET 1
#define HAVE_STRCHR 1
#define HAVE_STRDUP 1
#define HAVE_STRTOUL 1
#define MMX 1

configure: exit 0
